C:\Program Files\Microsoft Visual Studio\2022\Community\MSBuild\Microsoft\VC\v170\Microsoft.CppBuild.targets(517,5): warning MSB8028: The intermediate directory (Release\) contains files shared from another project (02-Bubble.vcxproj).  This can lead to incorrect clean and rebuild behavior.
  Bible.cpp
  Door.cpp
  Enemy.cpp
  Game.cpp
  Hourglass.cpp
  Item.cpp
  Key.cpp
  SceneInterface.cpp
  main.cpp
  Menu.cpp
  Player.cpp
  PlayerKiller.cpp
  Reaper.cpp
  Scene.cpp
  Shader.cpp
  ShaderProgram.cpp
  Skeleton.cpp
  SoundFactory.cpp
C:\Users\victo\OneDrive\Escritorio\UNI\vj\OpenGL_VS2015\game2D\02-Bubble\02-Bubble\SoundFactory.cpp(12,33): warning C4305: 'argument': truncation from 'double' to 'irrklang::ik_f32'
C:\Users\victo\OneDrive\Escritorio\UNI\vj\OpenGL_VS2015\game2D\02-Bubble\02-Bubble\SoundFactory.cpp(26,28): warning C4305: 'argument': truncation from 'double' to 'irrklang::ik_f32'
C:\Users\victo\OneDrive\Escritorio\UNI\vj\OpenGL_VS2015\game2D\02-Bubble\02-Bubble\SoundFactory.cpp(63,35): warning C4305: 'argument': truncation from 'double' to 'irrklang::ik_f32'
C:\Users\victo\OneDrive\Escritorio\UNI\vj\OpenGL_VS2015\game2D\02-Bubble\02-Bubble\SoundFactory.cpp(65,34): warning C4305: 'argument': truncation from 'double' to 'irrklang::ik_f32'
C:\Users\victo\OneDrive\Escritorio\UNI\vj\OpenGL_VS2015\game2D\02-Bubble\02-Bubble\SoundFactory.cpp(67,34): warning C4305: 'argument': truncation from 'double' to 'irrklang::ik_f32'
C:\Users\victo\OneDrive\Escritorio\UNI\vj\OpenGL_VS2015\game2D\02-Bubble\02-Bubble\SoundFactory.cpp(71,34): warning C4305: 'argument': truncation from 'double' to 'irrklang::ik_f32'
  Sprite.cpp
  Texture.cpp
  Compiling...
  TileMap.cpp
C:\Users\victo\OneDrive\Escritorio\UNI\vj\OpenGL_VS2015\game2D\02-Bubble\02-Bubble\TileMap.cpp(197,12): warning C4244: 'argument': conversion from 'time_t' to 'unsigned int', possible loss of data
C:\Users\victo\OneDrive\Escritorio\UNI\vj\OpenGL_VS2015\game2D\02-Bubble\02-Bubble\TileMap.cpp(201,21): warning C4018: '<': signed/unsigned mismatch
  Treasure.cpp
C:\Users\victo\OneDrive\Escritorio\UNI\vj\OpenGL_VS2015\game2D\02-Bubble\02-Bubble\Treasure.cpp(34,12): warning C4244: 'argument': conversion from 'time_t' to 'unsigned int', possible loss of data
C:\Users\victo\OneDrive\Escritorio\UNI\vj\OpenGL_VS2015\game2D\02-Bubble\02-Bubble\Treasure.cpp(108,12): warning C4244: 'argument': conversion from 'time_t' to 'unsigned int', possible loss of data
  Vampire.cpp
SOIL.lib(SOIL.obj) : warning LNK4075: ignoring '/EDITANDCONTINUE' due to '/OPT:ICF' specification
LINK : warning LNK4098: defaultlib 'MSVCRTD' conflicts with use of other libs; use /NODEFAULTLIB:library
  Generating code
  Previous IPDB not found, fall back to full compilation.
  All 1148 functions were compiled because no usable IPDB/IOBJ from previous compilation was found.
  Finished generating code
SOIL.lib(image_DXT.obj) : warning LNK4099: PDB '' was not found with 'SOIL.lib(image_DXT.obj)' or at ''; linking object as if no debug info
SOIL.lib(image_helper.obj) : warning LNK4099: PDB '' was not found with 'SOIL.lib(image_helper.obj)' or at ''; linking object as if no debug info
SOIL.lib(SOIL.obj) : warning LNK4099: PDB '' was not found with 'SOIL.lib(SOIL.obj)' or at ''; linking object as if no debug info
SOIL.lib(stb_image_aug.obj) : warning LNK4099: PDB '' was not found with 'SOIL.lib(stb_image_aug.obj)' or at ''; linking object as if no debug info
  02-Bubble.vcxproj -> C:\Users\victo\OneDrive\Escritorio\UNI\vj\OpenGL_VS2015\game2D\02-Bubble\Release\Hell-Crusader.exe
