c:\users\victo\onedrive\escritorio\uni\vj\opengl_vs2015\game2d\02-bubble\02-bubble\debug\vc143.pdb
c:\users\victo\onedrive\escritorio\uni\vj\opengl_vs2015\game2d\02-bubble\02-bubble\debug\vc143.idb
c:\users\victo\onedrive\escritorio\uni\vj\opengl_vs2015\game2d\02-bubble\02-bubble\debug\vampire.obj
c:\users\victo\onedrive\escritorio\uni\vj\opengl_vs2015\game2d\02-bubble\02-bubble\debug\tilemap.obj
c:\users\victo\onedrive\escritorio\uni\vj\opengl_vs2015\game2d\02-bubble\02-bubble\debug\texture.obj
c:\users\victo\onedrive\escritorio\uni\vj\opengl_vs2015\game2d\02-bubble\02-bubble\debug\sprite.obj
c:\users\victo\onedrive\escritorio\uni\vj\opengl_vs2015\game2d\02-bubble\02-bubble\debug\skeleton.obj
c:\users\victo\onedrive\escritorio\uni\vj\opengl_vs2015\game2d\02-bubble\02-bubble\debug\shaderprogram.obj
c:\users\victo\onedrive\escritorio\uni\vj\opengl_vs2015\game2d\02-bubble\02-bubble\debug\shader.obj
c:\users\victo\onedrive\escritorio\uni\vj\opengl_vs2015\game2d\02-bubble\02-bubble\debug\scene.obj
c:\users\victo\onedrive\escritorio\uni\vj\opengl_vs2015\game2d\02-bubble\02-bubble\debug\reaper.obj
c:\users\victo\onedrive\escritorio\uni\vj\opengl_vs2015\game2d\02-bubble\02-bubble\debug\playerkiller.obj
c:\users\victo\onedrive\escritorio\uni\vj\opengl_vs2015\game2d\02-bubble\02-bubble\debug\player.obj
c:\users\victo\onedrive\escritorio\uni\vj\opengl_vs2015\game2d\02-bubble\02-bubble\debug\menu.obj
c:\users\victo\onedrive\escritorio\uni\vj\opengl_vs2015\game2d\02-bubble\02-bubble\debug\main.obj
c:\users\victo\onedrive\escritorio\uni\vj\opengl_vs2015\game2d\02-bubble\02-bubble\debug\levelinterface.obj
c:\users\victo\onedrive\escritorio\uni\vj\opengl_vs2015\game2d\02-bubble\02-bubble\debug\key.obj
c:\users\victo\onedrive\escritorio\uni\vj\opengl_vs2015\game2d\02-bubble\02-bubble\debug\item.obj
c:\users\victo\onedrive\escritorio\uni\vj\opengl_vs2015\game2d\02-bubble\02-bubble\debug\hourglass.obj
c:\users\victo\onedrive\escritorio\uni\vj\opengl_vs2015\game2d\02-bubble\02-bubble\debug\game.obj
c:\users\victo\onedrive\escritorio\uni\vj\opengl_vs2015\game2d\02-bubble\02-bubble\debug\enemy.obj
c:\users\victo\onedrive\escritorio\uni\vj\opengl_vs2015\game2d\02-bubble\02-bubble\debug\door.obj
c:\users\victo\onedrive\escritorio\uni\vj\opengl_vs2015\game2d\02-bubble\02-bubble\debug\treasure.obj
c:\users\victo\onedrive\escritorio\uni\vj\opengl_vs2015\game2d\02-bubble\02-bubble\debug\sceneinterface.obj
c:\users\victo\onedrive\escritorio\uni\vj\opengl_vs2015\game2d\02-bubble\02-bubble\debug\bible.obj
c:\users\victo\onedrive\escritorio\uni\vj\opengl_vs2015\game2d\02-bubble\02-bubble\debug\soundfactory.obj
c:\users\victo\onedrive\escritorio\uni\vj\opengl_vs2015\game2d\02-bubble\debug\02-bubble.exe
c:\users\victo\onedrive\escritorio\uni\vj\opengl_vs2015\game2d\02-bubble\02-bubble\debug\02-bubble.ilk
c:\users\victo\onedrive\escritorio\uni\vj\opengl_vs2015\game2d\02-bubble\debug\02-bubble.pdb
c:\users\victo\onedrive\escritorio\uni\vj\opengl_vs2015\game2d\02-bubble\02-bubble\debug\door.obj.enc
c:\users\victo\onedrive\escritorio\uni\vj\opengl_vs2015\game2d\02-bubble\02-bubble\debug\enemy.obj.enc
c:\users\victo\onedrive\escritorio\uni\vj\opengl_vs2015\game2d\02-bubble\02-bubble\debug\game.obj.enc
c:\users\victo\onedrive\escritorio\uni\vj\opengl_vs2015\game2d\02-bubble\02-bubble\debug\hourglass.obj.enc
c:\users\victo\onedrive\escritorio\uni\vj\opengl_vs2015\game2d\02-bubble\02-bubble\debug\item.obj.enc
c:\users\victo\onedrive\escritorio\uni\vj\opengl_vs2015\game2d\02-bubble\02-bubble\debug\key.obj.enc
c:\users\victo\onedrive\escritorio\uni\vj\opengl_vs2015\game2d\02-bubble\02-bubble\debug\main.obj.enc
c:\users\victo\onedrive\escritorio\uni\vj\opengl_vs2015\game2d\02-bubble\02-bubble\debug\menu.obj.enc
c:\users\victo\onedrive\escritorio\uni\vj\opengl_vs2015\game2d\02-bubble\02-bubble\debug\player.obj.enc
c:\users\victo\onedrive\escritorio\uni\vj\opengl_vs2015\game2d\02-bubble\02-bubble\debug\playerkiller.obj.enc
c:\users\victo\onedrive\escritorio\uni\vj\opengl_vs2015\game2d\02-bubble\02-bubble\debug\scene.new.obj.enc
c:\users\victo\onedrive\escritorio\uni\vj\opengl_vs2015\game2d\02-bubble\02-bubble\debug\scene.obj.enc
c:\users\victo\onedrive\escritorio\uni\vj\opengl_vs2015\game2d\02-bubble\02-bubble\debug\sceneinterface.obj.enc
c:\users\victo\onedrive\escritorio\uni\vj\opengl_vs2015\game2d\02-bubble\02-bubble\debug\skeleton.obj.enc
c:\users\victo\onedrive\escritorio\uni\vj\opengl_vs2015\game2d\02-bubble\02-bubble\debug\soundfactory.obj.enc
c:\users\victo\onedrive\escritorio\uni\vj\opengl_vs2015\game2d\02-bubble\02-bubble\debug\tilemap.obj.enc
c:\users\victo\onedrive\escritorio\uni\vj\opengl_vs2015\game2d\02-bubble\02-bubble\debug\vampire.obj.enc
c:\users\victo\onedrive\escritorio\uni\vj\opengl_vs2015\game2d\02-bubble\debug\02-bubble.ilk
c:\users\victo\onedrive\escritorio\uni\vj\opengl_vs2015\game2d\02-bubble\02-bubble\debug\02-bubble.tlog\cl.command.1.tlog
c:\users\victo\onedrive\escritorio\uni\vj\opengl_vs2015\game2d\02-bubble\02-bubble\debug\02-bubble.tlog\cl.read.1.tlog
c:\users\victo\onedrive\escritorio\uni\vj\opengl_vs2015\game2d\02-bubble\02-bubble\debug\02-bubble.tlog\cl.write.1.tlog
c:\users\victo\onedrive\escritorio\uni\vj\opengl_vs2015\game2d\02-bubble\02-bubble\debug\02-bubble.tlog\link.command.1.tlog
c:\users\victo\onedrive\escritorio\uni\vj\opengl_vs2015\game2d\02-bubble\02-bubble\debug\02-bubble.tlog\link.read.1.tlog
c:\users\victo\onedrive\escritorio\uni\vj\opengl_vs2015\game2d\02-bubble\02-bubble\debug\02-bubble.tlog\link.write.1.tlog
