  Bible.cpp
  Door.cpp
  Enemy.cpp
  Game.cpp
  Hourglass.cpp
  Item.cpp
  Key.cpp
  SceneInterface.cpp
  main.cpp
  Menu.cpp
  Player.cpp
  PlayerKiller.cpp
  Reaper.cpp
  Scene.cpp
  Shader.cpp
  ShaderProgram.cpp
  Skeleton.cpp
  SoundFactory.cpp
C:\Users\victo\OneDrive\Escritorio\UNI\vj\fib-vj\game2D\Projecte\Hell-Crusader\Hell-Crusader\SoundFactory.cpp(12,33): warning C4305: 'argument': truncation from 'double' to 'irrklang::ik_f32'
C:\Users\victo\OneDrive\Escritorio\UNI\vj\fib-vj\game2D\Projecte\Hell-Crusader\Hell-Crusader\SoundFactory.cpp(26,28): warning C4305: 'argument': truncation from 'double' to 'irrklang::ik_f32'
C:\Users\victo\OneDrive\Escritorio\UNI\vj\fib-vj\game2D\Projecte\Hell-Crusader\Hell-Crusader\SoundFactory.cpp(65,35): warning C4305: 'argument': truncation from 'double' to 'irrklang::ik_f32'
C:\Users\victo\OneDrive\Escritorio\UNI\vj\fib-vj\game2D\Projecte\Hell-Crusader\Hell-Crusader\SoundFactory.cpp(67,34): warning C4305: 'argument': truncation from 'double' to 'irrklang::ik_f32'
C:\Users\victo\OneDrive\Escritorio\UNI\vj\fib-vj\game2D\Projecte\Hell-Crusader\Hell-Crusader\SoundFactory.cpp(69,34): warning C4305: 'argument': truncation from 'double' to 'irrklang::ik_f32'
  Sprite.cpp
  Texture.cpp
  Compiling...
  TileMap.cpp
C:\Users\victo\OneDrive\Escritorio\UNI\vj\fib-vj\game2D\Projecte\Hell-Crusader\Hell-Crusader\TileMap.cpp(197,12): warning C4244: 'argument': conversion from 'time_t' to 'unsigned int', possible loss of data
C:\Users\victo\OneDrive\Escritorio\UNI\vj\fib-vj\game2D\Projecte\Hell-Crusader\Hell-Crusader\TileMap.cpp(201,21): warning C4018: '<': signed/unsigned mismatch
  Treasure.cpp
C:\Users\victo\OneDrive\Escritorio\UNI\vj\fib-vj\game2D\Projecte\Hell-Crusader\Hell-Crusader\Treasure.cpp(34,12): warning C4244: 'argument': conversion from 'time_t' to 'unsigned int', possible loss of data
C:\Users\victo\OneDrive\Escritorio\UNI\vj\fib-vj\game2D\Projecte\Hell-Crusader\Hell-Crusader\Treasure.cpp(108,12): warning C4244: 'argument': conversion from 'time_t' to 'unsigned int', possible loss of data
  Vampire.cpp
SOIL.lib(SOIL.obj) : warning LNK4075: ignoring '/EDITANDCONTINUE' due to '/OPT:ICF' specification
LINK : warning LNK4098: defaultlib 'MSVCRTD' conflicts with use of other libs; use /NODEFAULTLIB:library
  Generating code
  1131 of 1148 functions (98.5%) were compiled, the rest were copied from previous compilation.
    0 functions were new in current compilation
    2 functions had inline decision re-evaluated but remain unchanged
  Finished generating code
SOIL.lib(image_DXT.obj) : warning LNK4099: PDB '' was not found with 'SOIL.lib(image_DXT.obj)' or at ''; linking object as if no debug info
SOIL.lib(image_helper.obj) : warning LNK4099: PDB '' was not found with 'SOIL.lib(image_helper.obj)' or at ''; linking object as if no debug info
SOIL.lib(SOIL.obj) : warning LNK4099: PDB '' was not found with 'SOIL.lib(SOIL.obj)' or at ''; linking object as if no debug info
SOIL.lib(stb_image_aug.obj) : warning LNK4099: PDB '' was not found with 'SOIL.lib(stb_image_aug.obj)' or at ''; linking object as if no debug info
  Hell-Crusader.vcxproj -> C:\Users\victo\OneDrive\Escritorio\UNI\vj\fib-vj\game2D\Projecte\Hell-Crusader\Release\Hell-Crusader.exe
